Arguments: 
  /usr/local/bin/node /usr/local/bin/yarn

PATH: 
  /opt/homebrew/bin:/opt/homebrew/sbin:/Library/Frameworks/Python.framework/Versions/3.9/bin:/usr/local/bin:/usr/bin:/bin:/usr/sbin:/sbin:/opt/local/bin:/opt/local/sbin:/usr/local/share/dotnet:~/.dotnet/tools:/Library/Frameworks/Mono.framework/Versions/Current/Commands:/opt/homebrew/bin:/opt/homebrew/sbin:/Library/Frameworks/Python.framework/Versions/3.9/bin:/Users/parahatiljanov/Library/Android/sdk/emulator:/Users/parahatiljanov/Library/Android/sdk/platform-tools:/Users/parahatiljanov/Library/Android/sdk/emulator:/Users/parahatiljanov/Library/Android/sdk/platform-tools:/Users/parahatiljanov/Library/Android/sdk/emulator:/Users/parahatiljanov/Library/Android/sdk/platform-tools

Yarn version: 
  1.22.17

Node version: 
  14.17.3

Platform: 
  darwin x64

Trace: 
  Error: getaddrinfo ENOTFOUND registry.yarnpkg.com
      at GetAddrInfoReqWrap.onlookup [as oncomplete] (dns.js:69:26)

npm manifest: 
  {
  	"name": "integration_testing_degraphe_youtube",
  	"version": "1.0.0",
  	"description": "",
  	"main": "index.js",
  	"scripts": {
  		"test": "jest --watchAll",
  		"start": "node index",
  		"dev": "nodemon index"
  	},
  	"keywords": [],
  	"author": "",
  	"license": "ISC",
  	"dependencies": {
  		"express": "^4.17.3",
  		"express-validator": "^6.14.0"
  	},
  	"jest": {
  		"modulePathIgnorePatterns": [ "books.json" ]
  	},
  	"devDependencies": {
  		"jest": "^27.5.1",
  		"supertest": "^6.2.2"
  	}
  }

yarn manifest: 
  No manifest

Lockfile: 
  No lockfile
